[2025-03-14T03:57:48.781] extension.js:157 in activate [INFO]: Displaying extension activation message
[2025-03-14T03:57:51.781] loca_convert.js:24 in lslib_load [INFO]: lslib not found. loading...
[2025-03-14T03:57:51.797] lsf_convert.js:19 in lslib_load [INFO]: lslib not found. loading...
[2025-03-14T03:57:52.873] process_pak.js:24 in lslib_load [INFO]: lslib not found. loading...
[2025-03-14T03:57:53.961] config.js:48 in clampPackPriority [INFO]: packing priority set to 0
[2025-03-14T03:57:53.961] config.js:65 in  [INFO]: root mod path set to: 
e:\Documents\Docs\BG3 Multitool\BG3 Toolkit Converter\convert
[2025-03-14T03:57:54.411] lsf_convert.js:19 in lslib_load [INFO]: lslib not found. loading...
[2025-03-14T03:57:55.633] lsf_convert.js:110 in processLsf [INFO]: Converting .lsx file e:\Documents\Docs\BG3 Multitool\BG3 Toolkit Converter\convert\Eridis\Public\Eridis\Content\[PAK]_Eridis\TIF_merged.lsf.lsx to format .lsf
[2025-03-14T03:59:27.006] helper_functions.js:37 in findInstancesInWorkspace [DEBUG]: ‾‾findInstanceInWorkspace‾‾
[2025-03-14T03:59:27.006] helper_functions.js:38 in findInstancesInWorkspace [DEBUG]: word:  5a80aeb1-aed2-4df6-8df8-cbcfce9c656e 
currentFilePath:  e:\Documents\Docs\BG3 Multitool\BG3 Toolkit Converter\convert\Eridis\Public\Eridis\Content\[PAK]_Eridis\TIF_merged.lsf.lsx 
maxFilesToShow:  undefined
[2025-03-14T03:59:27.124] helper_functions.js:63 in findInstancesInWorkspace [DEBUG]: Found Instances:
 []
[2025-03-14T03:59:27.125] helper_functions.js:64 in findInstancesInWorkspace [DEBUG]: __findInstanceInWorkspace__
[2025-03-14T04:00:48.836] lsf_convert.js:22 in lslib_load [INFO]: lslib is already loaded!
[2025-03-14T04:00:48.837] lsf_convert.js:110 in processLsf [INFO]: Converting .lsx file e:\Documents\Docs\BG3 Multitool\BG3 Toolkit Converter\convert\Eridis\Public\Eridis\Content\[PAK]_Eridis\TIF_merged.lsf.lsx to format .lsf
[2025-03-14T04:14:10.944] lsf_convert.js:22 in lslib_load [INFO]: lslib is already loaded!
[2025-03-14T04:14:10.944] lsf_convert.js:110 in processLsf [INFO]: Converting .lsx file e:\Documents\Docs\BG3 Multitool\BG3 Toolkit Converter\convert\Eridis\Public\Eridis\Content\[PAK]_Eridis\TIF_merged.lsf.lsx to format .lsf
[2025-03-14T04:33:45.932] helper_functions.js:37 in findInstancesInWorkspace [DEBUG]: ‾‾findInstanceInWorkspace‾‾
[2025-03-14T04:33:45.932] helper_functions.js:38 in findInstancesInWorkspace [DEBUG]: word:  6b83b004-caf7-4389-b64f-a1f1fe6930e1 
currentFilePath:  e:\Documents\Docs\BG3 Multitool\BG3 Toolkit Converter\convert\Moon\Public\Moon\Content\[PAK]_Moon\_merged.lsf.lsx 
maxFilesToShow:  undefined
[2025-03-14T04:33:46.073] helper_functions.js:63 in findInstancesInWorkspace [DEBUG]: Found Instances:
 [
  'Moon/Public/Moon/Content/[PAK]_Moon/H_ELF_merged.lsf.lsx#10#<attribute id="ID" type="FixedString" value="6b83b004-caf7-4389-b64f-a1f1fe6930e1" />',
  'Moon/Public/Moon/Content/[PAK]_Moon/H_ELF_merged.lsf.lsx#2381#<attribute id="SkeletonResource" type="FixedString" value="6b83b004-caf7-4389-b64f-a1f1fe6930e1" />',
  'Moon/Public/Moon/Content/[PAK]_Moon/DROW_merged.lsf.lsx#10#<attribute id="ID" type="FixedString" value="6b83b004-caf7-4389-b64f-a1f1fe6930e1" />',
  'Moon/Public/Moon/Content/[PAK]_Moon/DROW_merged.lsf.lsx#2381#<attribute id="SkeletonResource" type="FixedString" value="6b83b004-caf7-4389-b64f-a1f1fe6930e1" />'
]
[2025-03-14T04:33:46.074] helper_functions.js:64 in findInstancesInWorkspace [DEBUG]: __findInstanceInWorkspace__
[2025-03-14T04:34:20.096] lsf_convert.js:22 in lslib_load [INFO]: lslib is already loaded!
[2025-03-14T04:34:20.097] lsf_convert.js:110 in processLsf [INFO]: Converting .lsx file e:\Documents\Docs\BG3 Multitool\BG3 Toolkit Converter\convert\Moon\Public\Moon\Content\[PAK]_Moon\_merged.lsf.lsx to format .lsf
