[2025-03-13T14:29:38.329] extension.js:157 in activate [INFO]: Displaying extension activation message
[2025-03-13T14:29:38.621] loca_convert.js:24 in lslib_load [INFO]: lslib not found. loading...
[2025-03-13T14:29:38.624] lsf_convert.js:19 in lslib_load [INFO]: lslib not found. loading...
[2025-03-13T14:29:38.679] process_pak.js:24 in lslib_load [INFO]: lslib not found. loading...
[2025-03-13T14:29:38.754] config.js:48 in clampPackPriority [INFO]: packing priority set to 0
[2025-03-13T14:29:38.755] config.js:65 in  [INFO]: root mod path set to: 
e:\SteamLibrary\steamapps\common\Baldurs Gate 3\Data\Public\WielderClass_174f1cd4-3b0f-6c6d-2307-13d60f795b2a
[2025-03-13T14:29:49.756] lsf_convert.js:22 in lslib_load [INFO]: lslib is already loaded!
[2025-03-13T14:29:49.821] lsf_convert.js:110 in processLsf [INFO]: Converting .lsx file e:\SteamLibrary\steamapps\common\Baldurs Gate 3\Data\Public\WielderClass_174f1cd4-3b0f-6c6d-2307-13d60f795b2a\RootTemplates\_merged.lsf.lsx to format .lsf
[2025-03-13T14:30:24.798] helper_functions.js:37 in findInstancesInWorkspace [DEBUG]: ‾‾findInstanceInWorkspace‾‾
[2025-03-13T14:30:24.798] helper_functions.js:38 in findInstancesInWorkspace [DEBUG]: word:  46fc14e3-7899-41b1-a68a-c3e597f316f3 
currentFilePath:  e:\SteamLibrary\steamapps\common\Baldurs Gate 3\Data\Public\WielderClass_174f1cd4-3b0f-6c6d-2307-13d60f795b2a\RootTemplates\_merged.lsf.lsx 
maxFilesToShow:  undefined
[2025-03-13T14:30:24.981] helper_functions.js:37 in findInstancesInWorkspace [DEBUG]: ‾‾findInstanceInWorkspace‾‾
[2025-03-13T14:30:24.981] helper_functions.js:38 in findInstancesInWorkspace [DEBUG]: word:  46fc14e3-7899-41b1-a68a-c3e597f316f3 
currentFilePath:  e:\SteamLibrary\steamapps\common\Baldurs Gate 3\Data\Public\WielderClass_174f1cd4-3b0f-6c6d-2307-13d60f795b2a\RootTemplates\_merged.lsf.lsx 
maxFilesToShow:  undefined
[2025-03-13T14:30:25.275] helper_functions.js:63 in findInstancesInWorkspace [DEBUG]: Found Instances:
 []
[2025-03-13T14:30:25.275] helper_functions.js:64 in findInstancesInWorkspace [DEBUG]: __findInstanceInWorkspace__
[2025-03-13T14:30:25.275] helper_functions.js:63 in findInstancesInWorkspace [DEBUG]: Found Instances:
 []
[2025-03-13T14:30:25.275] helper_functions.js:64 in findInstancesInWorkspace [DEBUG]: __findInstanceInWorkspace__
[2025-03-13T14:30:28.247] helper_functions.js:37 in findInstancesInWorkspace [DEBUG]: ‾‾findInstanceInWorkspace‾‾
[2025-03-13T14:30:28.247] helper_functions.js:38 in findInstancesInWorkspace [DEBUG]: word:  8ac2eb82-8563-4657-8c4c-1507573978d7 
currentFilePath:  e:\SteamLibrary\steamapps\common\Baldurs Gate 3\Data\Public\WielderClass_174f1cd4-3b0f-6c6d-2307-13d60f795b2a\RootTemplates\_merged.lsf.lsx 
maxFilesToShow:  undefined
[2025-03-13T14:30:28.330] helper_functions.js:63 in findInstancesInWorkspace [DEBUG]: Found Instances:
 []
[2025-03-13T14:30:28.330] helper_functions.js:64 in findInstancesInWorkspace [DEBUG]: __findInstanceInWorkspace__
[2025-03-13T14:30:29.003] helper_functions.js:37 in findInstancesInWorkspace [DEBUG]: ‾‾findInstanceInWorkspace‾‾
[2025-03-13T14:30:29.003] helper_functions.js:38 in findInstancesInWorkspace [DEBUG]: word:  8ac2eb82-8563-4657-8c4c-1507573978d7 
currentFilePath:  e:\SteamLibrary\steamapps\common\Baldurs Gate 3\Data\Public\WielderClass_174f1cd4-3b0f-6c6d-2307-13d60f795b2a\RootTemplates\_merged.lsf.lsx 
maxFilesToShow:  undefined
[2025-03-13T14:30:29.078] helper_functions.js:63 in findInstancesInWorkspace [DEBUG]: Found Instances:
 []
[2025-03-13T14:30:29.078] helper_functions.js:64 in findInstancesInWorkspace [DEBUG]: __findInstanceInWorkspace__
[2025-03-13T14:30:35.863] helper_functions.js:37 in findInstancesInWorkspace [DEBUG]: ‾‾findInstanceInWorkspace‾‾
[2025-03-13T14:30:35.863] helper_functions.js:38 in findInstancesInWorkspace [DEBUG]: word:  25715ce8-51e1-4697-92a3-5916b3ae9b26 
currentFilePath:  e:\SteamLibrary\steamapps\common\Baldurs Gate 3\Data\Public\WielderClass_174f1cd4-3b0f-6c6d-2307-13d60f795b2a\RootTemplates\_merged.lsf.lsx 
maxFilesToShow:  undefined
[2025-03-13T14:30:35.951] helper_functions.js:63 in findInstancesInWorkspace [DEBUG]: Found Instances:
 []
[2025-03-13T14:30:35.951] helper_functions.js:64 in findInstancesInWorkspace [DEBUG]: __findInstanceInWorkspace__
[2025-03-13T14:31:22.224] lsf_convert.js:22 in lslib_load [INFO]: lslib is already loaded!
[2025-03-13T14:31:22.225] lsf_convert.js:110 in processLsf [INFO]: Converting .lsx file e:\SteamLibrary\steamapps\common\Baldurs Gate 3\Data\Public\WielderClass_174f1cd4-3b0f-6c6d-2307-13d60f795b2a\RootTemplates\25715ce8-51e1-4697-92a3-5916b3ae9b26.lsx to format .lsf
[2025-03-13T14:31:45.162] lsf_convert.js:22 in lslib_load [INFO]: lslib is already loaded!
[2025-03-13T14:31:45.163] lsf_convert.js:110 in processLsf [INFO]: Converting .lsx file e:\SteamLibrary\steamapps\common\Baldurs Gate 3\Data\Public\WielderClass_174f1cd4-3b0f-6c6d-2307-13d60f795b2a\RootTemplates\_merged.lsf.lsx to format .lsf
[2025-03-13T14:33:15.088] helper_functions.js:37 in findInstancesInWorkspace [DEBUG]: ‾‾findInstanceInWorkspace‾‾
[2025-03-13T14:33:15.088] helper_functions.js:38 in findInstancesInWorkspace [DEBUG]: word:  25715ce8-51e1-4697-92a3-5916b3ae9b26 
currentFilePath:  e:\SteamLibrary\steamapps\common\Baldurs Gate 3\Data\Public\WielderClass_174f1cd4-3b0f-6c6d-2307-13d60f795b2a\RootTemplates\_merged.lsf.lsx 
maxFilesToShow:  undefined
[2025-03-13T14:33:15.181] helper_functions.js:63 in findInstancesInWorkspace [DEBUG]: Found Instances:
 [
  'RootTemplates/25715ce8-51e1-4697-92a3-5916b3ae9b26.lsx#17#<attribute id="MapKey" type="FixedString" value="25715ce8-51e1-4697-92a3-5916b3ae9b26" />'
]
[2025-03-13T14:33:15.181] helper_functions.js:64 in findInstancesInWorkspace [DEBUG]: __findInstanceInWorkspace__
[2025-03-13T14:33:16.861] helper_functions.js:37 in findInstancesInWorkspace [DEBUG]: ‾‾findInstanceInWorkspace‾‾
[2025-03-13T14:33:16.861] helper_functions.js:38 in findInstancesInWorkspace [DEBUG]: word:  25715ce8-51e1-4697-92a3-5916b3ae9b26 
currentFilePath:  e:\SteamLibrary\steamapps\common\Baldurs Gate 3\Data\Public\WielderClass_174f1cd4-3b0f-6c6d-2307-13d60f795b2a\RootTemplates\_merged.lsf.lsx 
maxFilesToShow:  undefined
[2025-03-13T14:33:16.931] helper_functions.js:63 in findInstancesInWorkspace [DEBUG]: Found Instances:
 [
  'RootTemplates/25715ce8-51e1-4697-92a3-5916b3ae9b26.lsx#17#<attribute id="MapKey" type="FixedString" value="25715ce8-51e1-4697-92a3-5916b3ae9b26" />'
]
[2025-03-13T14:33:16.931] helper_functions.js:64 in findInstancesInWorkspace [DEBUG]: __findInstanceInWorkspace__
[2025-03-13T15:10:13.719] helper_functions.js:37 in findInstancesInWorkspace [DEBUG]: ‾‾findInstanceInWorkspace‾‾
[2025-03-13T15:10:13.720] helper_functions.js:38 in findInstancesInWorkspace [DEBUG]: word:  84b874a3-9504-431c-a93f-721f5a6d35ff 
currentFilePath:  e:\SteamLibrary\steamapps\common\Baldurs Gate 3\Data\Public\WielderClass_174f1cd4-3b0f-6c6d-2307-13d60f795b2a\Progressions\Progressions.lsx 
maxFilesToShow:  undefined
[2025-03-13T15:10:14.550] helper_functions.js:63 in findInstancesInWorkspace [DEBUG]: Found Instances:
 []
[2025-03-13T15:10:14.550] helper_functions.js:64 in findInstancesInWorkspace [DEBUG]: __findInstanceInWorkspace__
[2025-03-13T15:19:48.097] helper_functions.js:37 in findInstancesInWorkspace [DEBUG]: ‾‾findInstanceInWorkspace‾‾
[2025-03-13T15:19:48.097] helper_functions.js:38 in findInstancesInWorkspace [DEBUG]: word:  df62563b-bf85-4511-977e-290461063590 
currentFilePath:  e:\SteamLibrary\steamapps\common\Baldurs Gate 3\Data\Public\WielderClass_174f1cd4-3b0f-6c6d-2307-13d60f795b2a\Progressions\Progressions.lsx 
maxFilesToShow:  undefined
[2025-03-13T15:19:48.416] helper_functions.js:63 in findInstancesInWorkspace [DEBUG]: Found Instances:
 [
  'ClassDescriptions/ClassDescriptions.lsx#84#<attribute id="ProgressionTableUUID" type="guid" value="df62563b-bf85-4511-977e-290461063590"/>'
]
[2025-03-13T15:19:48.416] helper_functions.js:64 in findInstancesInWorkspace [DEBUG]: __findInstanceInWorkspace__
[2025-03-13T15:20:00.698] lsf_convert.js:22 in lslib_load [INFO]: lslib is already loaded!
[2025-03-13T15:20:00.699] lsf_convert.js:110 in processLsf [INFO]: Converting .lsx file e:\SteamLibrary\steamapps\common\Baldurs Gate 3\Data\Public\WielderClass_174f1cd4-3b0f-6c6d-2307-13d60f795b2a\Progressions\Progressions.lsx to format .lsf
[2025-03-13T15:42:03.161] lsf_convert.js:22 in lslib_load [INFO]: lslib is already loaded!
[2025-03-13T15:42:03.162] lsf_convert.js:110 in processLsf [INFO]: Converting .lsx file e:\SteamLibrary\steamapps\common\Baldurs Gate 3\Data\Public\WielderClass_174f1cd4-3b0f-6c6d-2307-13d60f795b2a\Tags\1d372fd1-d983-485c-8738-6d519e37972d.lsf.lsx to format .lsf
[2025-03-13T15:42:19.817] lsf_convert.js:22 in lslib_load [INFO]: lslib is already loaded!
[2025-03-13T15:42:19.817] lsf_convert.js:110 in processLsf [INFO]: Converting .lsx file e:\SteamLibrary\steamapps\common\Baldurs Gate 3\Data\Public\WielderClass_174f1cd4-3b0f-6c6d-2307-13d60f795b2a\Tags\1d372fd1-d983-485c-8738-6d519e37972d.lsf.lsx to format .lsf
[2025-03-13T15:42:44.897] lsf_convert.js:22 in lslib_load [INFO]: lslib is already loaded!
[2025-03-13T15:42:44.897] lsf_convert.js:110 in processLsf [INFO]: Converting .lsx file e:\SteamLibrary\steamapps\common\Baldurs Gate 3\Data\Public\WielderClass_174f1cd4-3b0f-6c6d-2307-13d60f795b2a\Tags\7ade42db-6b34-4451-b687-4ca5fdf3db15.lsf.lsx to format .lsf
[2025-03-13T15:42:47.998] lsf_convert.js:22 in lslib_load [INFO]: lslib is already loaded!
[2025-03-13T15:42:47.998] lsf_convert.js:110 in processLsf [INFO]: Converting .lsx file e:\SteamLibrary\steamapps\common\Baldurs Gate 3\Data\Public\WielderClass_174f1cd4-3b0f-6c6d-2307-13d60f795b2a\Tags\8c5b360b-33d0-4afc-81d7-2394dfd5de84.lsf.lsx to format .lsf
[2025-03-13T15:42:50.533] lsf_convert.js:22 in lslib_load [INFO]: lslib is already loaded!
[2025-03-13T15:42:50.534] lsf_convert.js:110 in processLsf [INFO]: Converting .lsx file e:\SteamLibrary\steamapps\common\Baldurs Gate 3\Data\Public\WielderClass_174f1cd4-3b0f-6c6d-2307-13d60f795b2a\Tags\dac21b40-7eb6-49e2-8162-badc96bae7f4.lsf.lsx to format .lsf
[2025-03-13T16:23:09.945] lsf_convert.js:22 in lslib_load [INFO]: lslib is already loaded!
[2025-03-13T16:23:09.945] lsf_convert.js:110 in processLsf [INFO]: Converting .lsx file e:\SteamLibrary\steamapps\common\Baldurs Gate 3\Data\Public\WielderClass_174f1cd4-3b0f-6c6d-2307-13d60f795b2a\Content\UI\[PAK]_UI\_merged.lsx to format .lsf
[2025-03-13T16:24:20.439] helper_functions.js:37 in findInstancesInWorkspace [DEBUG]: ‾‾findInstanceInWorkspace‾‾
[2025-03-13T16:24:20.439] helper_functions.js:38 in findInstancesInWorkspace [DEBUG]: word:  d10b714c-10e8-4b60-bbcf-be5dcf5bb293 
currentFilePath:  e:\SteamLibrary\steamapps\common\Baldurs Gate 3\Data\Public\WielderClass_174f1cd4-3b0f-6c6d-2307-13d60f795b2a\Content\UI\[PAK]_UI\_merged.lsx 
maxFilesToShow:  undefined
[2025-03-13T16:24:20.753] helper_functions.js:37 in findInstancesInWorkspace [DEBUG]: ‾‾findInstanceInWorkspace‾‾
[2025-03-13T16:24:20.753] helper_functions.js:38 in findInstancesInWorkspace [DEBUG]: word:  d10b714c-10e8-4b60-bbcf-be5dcf5bb293 
currentFilePath:  e:\SteamLibrary\steamapps\common\Baldurs Gate 3\Data\Public\WielderClass_174f1cd4-3b0f-6c6d-2307-13d60f795b2a\Content\UI\[PAK]_UI\_merged.lsx 
maxFilesToShow:  undefined
[2025-03-13T16:24:20.785] helper_functions.js:63 in findInstancesInWorkspace [DEBUG]: Found Instances:
 []
[2025-03-13T16:24:20.785] helper_functions.js:64 in findInstancesInWorkspace [DEBUG]: __findInstanceInWorkspace__
[2025-03-13T16:24:20.845] helper_functions.js:63 in findInstancesInWorkspace [DEBUG]: Found Instances:
 []
[2025-03-13T16:24:20.845] helper_functions.js:64 in findInstancesInWorkspace [DEBUG]: __findInstanceInWorkspace__
[2025-03-13T16:24:25.046] lsf_convert.js:22 in lslib_load [INFO]: lslib is already loaded!
[2025-03-13T16:24:25.046] lsf_convert.js:110 in processLsf [INFO]: Converting .lsx file e:\SteamLibrary\steamapps\common\Baldurs Gate 3\Data\Public\WielderClass_174f1cd4-3b0f-6c6d-2307-13d60f795b2a\Content\UI\[PAK]_UI\_merged.lsx to format .lsf
